<?xml version="1.0" encoding="UTF-8"?>
<testng-results ignored="0" total="1" passed="1" failed="0" skipped="0">
  <reporter-output>
  </reporter-output>
  <suite started-at="2022-06-22T11:21:40 EDT" name="Default suite" finished-at="2022-06-22T11:21:53 EDT" duration-ms="12991">
    <groups>
    </groups>
    <test started-at="2022-06-22T11:21:40 EDT" name="Default test" finished-at="2022-06-22T11:21:53 EDT" duration-ms="12991">
      <class name="kdf.Application">
        <test-method signature="verifyInvalidLogin()[pri:0, instance:kdf.Application@4d465b11]" started-at="2022-06-22T11:21:40 EDT" name="verifyInvalidLogin" finished-at="2022-06-22T11:21:53 EDT" duration-ms="12934" status="PASS">
          <reporter-output>
          </reporter-output>
        </test-method> <!-- verifyInvalidLogin -->
      </class> <!-- kdf.Application -->
    </test> <!-- Default test -->
  </suite> <!-- Default suite -->
</testng-results>
